<?xml version="1.0" encoding="UTF-8"?>
<robot generator="Robot 5.0.1 (Python 3.9.9 on win32)" generated="20231029 13:34:09.995" rpa="false" schemaversion="3">
<suite id="s1" name="Cucumber RobotFramework" source="C:\Users\AYMEN\Desktop\robotFramework\Cucumber RobotFramework">
<suite id="s1-s1" name="SetpDefinition" source="C:\Users\AYMEN\Desktop\robotFramework\Cucumber RobotFramework\SetpDefinition">
<suite id="s1-s1-s1" name="Stepdef" source="C:\Users\AYMEN\Desktop\robotFramework\Cucumber RobotFramework\SetpDefinition\stepdef.robot">
<test id="s1-s1-s1-t1" name="je vais faire cucumber" line="14">
<kw name="Given je me connecte sur l'application demo" library="Testrequi">
<doc>je me connecte sur l'application demo</doc>
<kw name="open browser speciel for me" library="Pom">
<kw name="Open Browser" library="SeleniumLibrary">
<arg>${Urltest}</arg>
<arg>${Browser}</arg>
<doc>Opens a new browser instance to the optional ``url``.</doc>
<msg timestamp="20231029 13:34:10.397" level="INFO">Opening browser 'chrome' to base url 'https://demoqa.com/automation-practice-form'.</msg>
<status status="PASS" starttime="20231029 13:34:10.396" endtime="20231029 13:34:17.931"/>
</kw>
<kw name="Maximize Browser Window" library="SeleniumLibrary">
<doc>Maximizes current browser window.</doc>
<status status="PASS" starttime="20231029 13:34:17.933" endtime="20231029 13:34:18.348"/>
</kw>
<kw name="Sleep" library="BuiltIn">
<arg>2s</arg>
<doc>Pauses the test executed for the given time.</doc>
<msg timestamp="20231029 13:34:20.356" level="INFO">Slept 2 seconds</msg>
<status status="PASS" starttime="20231029 13:34:18.349" endtime="20231029 13:34:20.357"/>
</kw>
<status status="PASS" starttime="20231029 13:34:10.395" endtime="20231029 13:34:20.357"/>
</kw>
<status status="PASS" starttime="20231029 13:34:10.384" endtime="20231029 13:34:20.357"/>
</kw>
<kw name="When je remplir le champ firstname" library="Testrequi">
<doc>je remplir le champ firstname</doc>
<kw name="remplir name" library="Pom">
<arg>${firstname}</arg>
<msg timestamp="20231029 13:34:20.374" level="FAIL">Variable '${firstname}' not found.</msg>
<status status="FAIL" starttime="20231029 13:34:20.372" endtime="20231029 13:34:20.375"/>
</kw>
<status status="FAIL" starttime="20231029 13:34:20.363" endtime="20231029 13:34:20.376"/>
</kw>
<kw name="And je remplir le champ lastname" library="Testrequi">
<doc>je remplir le champ lastname</doc>
<status status="NOT RUN" starttime="20231029 13:34:20.383" endtime="20231029 13:34:20.391"/>
</kw>
<kw name="And je remplir le champ useremail" library="Testrequi">
<doc>je remplir le champ useremail</doc>
<status status="NOT RUN" starttime="20231029 13:34:20.401" endtime="20231029 13:34:20.407"/>
</kw>
<kw name="And je click sur le radio gender" library="Testrequi">
<doc>je click sur le radio gender</doc>
<status status="NOT RUN" starttime="20231029 13:34:20.413" endtime="20231029 13:34:20.423"/>
</kw>
<kw name="And je remplir le champ numero" library="Testrequi">
<doc>je remplir le champ numero</doc>
<status status="NOT RUN" starttime="20231029 13:34:20.430" endtime="20231029 13:34:20.438"/>
</kw>
<kw name="And je remplir le champ currentAdress" library="Testrequi">
<doc>je remplir le champ currentAdress</doc>
<status status="NOT RUN" starttime="20231029 13:34:20.456" endtime="20231029 13:34:20.462"/>
</kw>
<kw name="And faire une screenshotuser" library="Testrequi">
<doc>faire une screenshotuser</doc>
<status status="NOT RUN" starttime="20231029 13:34:20.487" endtime="20231029 13:34:20.509"/>
</kw>
<kw name="And je click sur le bouton submit" library="Testrequi">
<doc>je click sur le bouton submit</doc>
<status status="NOT RUN" starttime="20231029 13:34:20.523" endtime="20231029 13:34:20.539"/>
</kw>
<kw name="Then je ferme le browser" library="Testrequi">
<doc>je click sur le bouton submit</doc>
<status status="NOT RUN" starttime="20231029 13:34:20.553" endtime="20231029 13:34:20.560"/>
</kw>
<doc>je vais faire cucumber</doc>
<tag>AUTOMATED</tag>
<tag>robot</tag>
<status status="FAIL" starttime="20231029 13:34:10.383" endtime="20231029 13:34:20.571">Variable '${firstname}' not found.</status>
</test>
<meta name="Feature">Login</meta>
<meta name="Generated by">_gherkin2robotframework on 2021-05-11T16:17:32.348075_</meta>
<meta name="gherkin2robotframework">Formulaire.feature</meta>
<status status="FAIL" starttime="20231029 13:34:10.045" endtime="20231029 13:34:20.577"/>
</suite>
<status status="FAIL" starttime="20231029 13:34:10.045" endtime="20231029 13:34:20.587"/>
</suite>
<status status="FAIL" starttime="20231029 13:34:10.005" endtime="20231029 13:34:20.591"/>
</suite>
<statistics>
<total>
<stat pass="0" fail="1" skip="0">All Tests</stat>
</total>
<tag>
<stat pass="0" fail="1" skip="0">AUTOMATED</stat>
<stat pass="0" fail="1" skip="0">robot</stat>
</tag>
<suite>
<stat pass="0" fail="1" skip="0" id="s1" name="Cucumber RobotFramework">Cucumber RobotFramework</stat>
<stat pass="0" fail="1" skip="0" id="s1-s1" name="SetpDefinition">Cucumber RobotFramework.SetpDefinition</stat>
<stat pass="0" fail="1" skip="0" id="s1-s1-s1" name="Stepdef">Cucumber RobotFramework.SetpDefinition.Stepdef</stat>
</suite>
</statistics>
<errors>
<msg timestamp="20231029 13:34:10.376" level="ERROR">[ DataDriver ] Error in robot file:
  File "C:\Users\AYMEN\Desktop\robotFramework\Cucumber RobotFramework\SetpDefinition\stepdef.robot", line 0</msg>
<msg timestamp="20231029 13:34:10.377" level="ERROR">In source file:
  File "C:\Users\AYMEN\Desktop\robotFramework\Cucumber RobotFramework\SetpDefinition\..\TestData\TestData.txt", line 0</msg>
<msg timestamp="20231029 13:34:10.382" level="ERROR">Calling method '_start_suite' of listener 'DataDriver' failed: ModuleNotFoundError: No module named 'DataDriver.txt_reader'</msg>
</errors>
</robot>
